<?xml version="1.0" encoding="UTF-8"?>
<testsuite xmlns:xsi="http://www.w3.org/2001/XMLSchema-instance" xsi:schemaLocation="https://maven.apache.org/surefire/maven-surefire-plugin/xsd/surefire-test-report.xsd" name="goodJob.gJobTestSuite" time="6.539" tests="6" errors="2" skipped="4" failures="0">
  <properties>
[...]
</properties>
  <testcase name="Given User login with &quot;admin@yopmail.com&quot; and password is &quot;1&quot;" classname="Scenario: Update Profile" time="0.012">
    <error message="Could not instantiate class org.openqa.selenium.chrome.ChromeDriver" type="net.thucydides.core.webdriver.UnsupportedDriverException">net.thucydides.core.webdriver.UnsupportedDriverException: Could not instantiate class org.openqa.selenium.chrome.ChromeDriver
Caused by: net.thucydides.core.webdriver.UnsupportedDriverException: Could not instantiate new WebDriver instance of type class org.openqa.selenium.chrome.ChromeDriver (The driver executable is a directory: D:\Driver
Caused by: java.lang.IllegalStateException: The driver executable is a directory: D:\Driver
</error>
    <system-out><![CDATA[Setting runtime options in createRuntime()
Feature: Update User Profile
]]></system-out>
    <system-err><![CDATA[[main] INFO net.serenitybdd.core.Serenity - 

-------------------------------------------------------------------------------------
     _______. _______ .______       _______ .__   __.  __  .___________.____    ____ 
    /       ||   ____||   _  \     |   ____||  \ |  | |  | |           |\   \  /   / 
   |   (----`|  |__   |  |_)  |    |  |__   |   \|  | |  | `---|  |----` \   \/   /  
    \   \    |   __|  |      /     |   __|  |  . `  | |  |     |  |       \_    _/   
.----)   |   |  |____ |  |\  \----.|  |____ |  |\   | |  |     |  |         |  |     
|_______/    |_______|| _| `._____||_______||__| \__| |__|     |__|         |__|    
-------------------------------------------------------------------------------------

[main] INFO net.serenitybdd.core.Serenity - Test Suite Started: Update User Profile
[main] INFO net.serenitybdd.core.Serenity - 
 _____ _____ ____ _____   ____ _____  _    ____ _____ _____ ____  
|_   _| ____/ ___|_   _| / ___|_   _|/ \  |  _ \_   _| ____|  _ \ 
  | | |  _| \___ \ | |   \___ \ | | / _ \ | |_) || | |  _| | | | |
  | | | |___ ___) || |    ___) || |/ ___ \|  _ < | | | |___| |_| |
  |_| |_____|____/ |_|   |____/ |_/_/   \_\_| \_\|_| |_____|____/ 
                                                                  

TEST STARTED: Update Profile
-------------------------------------------------------------------(update-user-profile;update-profile)
[main] ERROR net.thucydides.core.webdriver.WebDriverFacade - FAILED TO CREATE NEW WEBDRIVER_DRIVER INSTANCE class org.openqa.selenium.chrome.ChromeDriver: Could not instantiate new WebDriver instance of type class org.openqa.selenium.chrome.ChromeDriver (The driver executable is a directory: D:\Driver
net.thucydides.core.webdriver.UnsupportedDriverException: Could not instantiate new WebDriver instance of type class org.openqa.selenium.chrome.ChromeDriver (The driver executable is a directory: D:\Driver
	at net.thucydides.core.webdriver.WebDriverFactory.newWebdriverInstance(WebDriverFactory.java:135)
	at net.thucydides.core.webdriver.WebDriverFacade.newDriverInstance(WebDriverFacade.java:147)
	at net.thucydides.core.webdriver.WebDriverFacade.newProxyDriver(WebDriverFacade.java:138)
	at net.thucydides.core.webdriver.WebDriverFacade.getProxiedDriver(WebDriverFacade.java:108)
	at net.thucydides.core.webdriver.WebDriverFacade.openIgnoringHtmlUnitScriptErrors(WebDriverFacade.java:183)
	at net.thucydides.core.webdriver.WebDriverFacade.get(WebDriverFacade.java:178)
	at net.serenitybdd.core.pages.PageObject.openPageAtUrl(PageObject.java:827)
	at net.serenitybdd.core.pages.PageObject.open(PageObject.java:737)
	at net.serenitybdd.core.pages.PageObject.open(PageObject.java:725)
	at goodJob.steps.loginStep.openUrl(loginStep.java:12)
	at goodJob.steps.loginStep$$EnhancerByCGLIB$$7936ec44.CGLIB$openUrl$3(<generated>)
	at goodJob.steps.loginStep$$EnhancerByCGLIB$$7936ec44$$FastClassByCGLIB$$c7d34c09.invoke(<generated>)
	at net.sf.cglib.proxy.MethodProxy.invokeSuper(MethodProxy.java:228)
	at net.thucydides.core.steps.StepInterceptor.invokeMethod(StepInterceptor.java:395)
	at net.thucydides.core.steps.StepInterceptor.executeTestStepMethod(StepInterceptor.java:380)
	at net.thucydides.core.steps.StepInterceptor.runTestStep(StepInterceptor.java:355)
	at net.thucydides.core.steps.StepInterceptor.testStepResult(StepInterceptor.java:132)
	at net.thucydides.core.steps.StepInterceptor.intercept(StepInterceptor.java:61)
	at goodJob.steps.loginStep$$EnhancerByCGLIB$$7936ec44.openUrl(<generated>)
	at goodJob.DefinitionTestSuite.user_login_with_and_password_is(DefinitionTestSuite.java:71)
	at sun.reflect.NativeMethodAccessorImpl.invoke0(Native Method)
	at sun.reflect.NativeMethodAccessorImpl.invoke(NativeMethodAccessorImpl.java:62)
	at sun.reflect.DelegatingMethodAccessorImpl.invoke(DelegatingMethodAccessorImpl.java:43)
	at java.lang.reflect.Method.invoke(Method.java:498)
	at cucumber.runtime.Utils$1.call(Utils.java:40)
	at cucumber.runtime.Timeout.timeout(Timeout.java:16)
	at cucumber.runtime.Utils.invoke(Utils.java:34)
	at cucumber.runtime.java.JavaStepDefinition.execute(JavaStepDefinition.java:38)
	at cucumber.runtime.StepDefinitionMatch.runStep(StepDefinitionMatch.java:37)
	at cucumber.runtime.Runtime.runStep(Runtime.java:300)
	at cucumber.runtime.model.StepContainer.runStep(StepContainer.java:44)
	at cucumber.runtime.model.StepContainer.runSteps(StepContainer.java:39)
	at cucumber.runtime.model.CucumberScenario.runBackground(CucumberScenario.java:59)
	at cucumber.runtime.model.CucumberScenario.run(CucumberScenario.java:42)
	at cucumber.runtime.junit.ExecutionUnitRunner.run(ExecutionUnitRunner.java:102)
	at cucumber.runtime.junit.FeatureRunner.runChild(FeatureRunner.java:63)
	at cucumber.runtime.junit.FeatureRunner.runChild(FeatureRunner.java:18)
	at org.junit.runners.ParentRunner$3.run(ParentRunner.java:290)
	at org.junit.runners.ParentRunner$1.schedule(ParentRunner.java:71)
	at org.junit.runners.ParentRunner.runChildren(ParentRunner.java:288)
	at org.junit.runners.ParentRunner.access$000(ParentRunner.java:58)
	at org.junit.runners.ParentRunner$2.evaluate(ParentRunner.java:268)
	at org.junit.runners.ParentRunner.run(ParentRunner.java:363)
	at cucumber.runtime.junit.FeatureRunner.run(FeatureRunner.java:70)
	at cucumber.api.junit.Cucumber.runChild(Cucumber.java:95)
	at cucumber.api.junit.Cucumber.runChild(Cucumber.java:38)
	at org.junit.runners.ParentRunner$3.run(ParentRunner.java:290)
	at org.junit.runners.ParentRunner$1.schedule(ParentRunner.java:71)
	at org.junit.runners.ParentRunner.runChildren(ParentRunner.java:288)
	at org.junit.runners.ParentRunner.access$000(ParentRunner.java:58)
	at org.junit.runners.ParentRunner$2.evaluate(ParentRunner.java:268)
	at org.junit.runners.ParentRunner.run(ParentRunner.java:363)
	at cucumber.api.junit.Cucumber.run(Cucumber.java:100)
	at org.apache.maven.surefire.junit4.JUnit4Provider.execute(JUnit4Provider.java:367)
	at org.apache.maven.surefire.junit4.JUnit4Provider.executeWithRerun(JUnit4Provider.java:274)
	at org.apache.maven.surefire.junit4.JUnit4Provider.executeTestSet(JUnit4Provider.java:238)
	at org.apache.maven.surefire.junit4.JUnit4Provider.invoke(JUnit4Provider.java:161)
	at org.apache.maven.surefire.booter.ForkedBooter.invokeProviderInSameClassLoader(ForkedBooter.java:290)
	at org.apache.maven.surefire.booter.ForkedBooter.runSuitesInProcess(ForkedBooter.java:242)
	at org.apache.maven.surefire.booter.ForkedBooter.main(ForkedBooter.java:121)
Caused by: java.lang.IllegalStateException: The driver executable is a directory: D:\Driver
	at com.google.common.base.Preconditions.checkState(Preconditions.java:518)
	at net.serenitybdd.core.webdriver.servicepools.DriverServiceExecutable.checkExecutable(DriverServiceExecutable.java:118)
	at net.serenitybdd.core.webdriver.servicepools.DriverServiceExecutable.checkForMissingBinaries(DriverServiceExecutable.java:111)
	at net.serenitybdd.core.webdriver.servicepools.DriverServiceExecutable.asAFile(DriverServiceExecutable.java:98)
	at net.serenitybdd.core.webdriver.servicepools.ChromeServicePool.chromeDriverExecutable(ChromeServicePool.java:44)
	at net.serenitybdd.core.webdriver.servicepools.ChromeServicePool.newDriverService(ChromeServicePool.java:25)
	at net.serenitybdd.core.webdriver.servicepools.ChromeServicePool.newDriverService(ChromeServicePool.java:12)
	at net.serenitybdd.core.webdriver.servicepools.DriverServicePool.driverServiceWithName(DriverServicePool.java:54)
	at net.serenitybdd.core.webdriver.servicepools.DriverServicePool.getDriverService(DriverServicePool.java:45)
	at net.serenitybdd.core.webdriver.servicepools.DriverServicePool.start(DriverServicePool.java:60)
	at net.serenitybdd.core.webdriver.servicepools.DriverServicePool.ensureServiceIsRunning(DriverServicePool.java:86)
	at net.serenitybdd.core.webdriver.driverproviders.ChromeDriverProvider.getDriverServicePool(ChromeDriverProvider.java:29)
	at net.serenitybdd.core.webdriver.driverproviders.ChromeDriverProvider.newInstance(ChromeDriverProvider.java:48)
	at net.thucydides.core.webdriver.WebDriverFactory.newWebdriverInstance(WebDriverFactory.java:125)
	... 59 more
]]></system-err>
  </testcase>
  <testcase name="Scenario: Update Profile" classname="Scenario: Update Profile" time="0.014">
    <error message="Could not instantiate class org.openqa.selenium.chrome.ChromeDriver" type="net.thucydides.core.webdriver.UnsupportedDriverException">net.thucydides.core.webdriver.UnsupportedDriverException: Could not instantiate class org.openqa.selenium.chrome.ChromeDriver
Caused by: net.thucydides.core.webdriver.UnsupportedDriverException: Could not instantiate new WebDriver instance of type class org.openqa.selenium.chrome.ChromeDriver (The driver executable is a directory: D:\Driver
Caused by: java.lang.IllegalStateException: The driver executable is a directory: D:\Driver
</error>
  </testcase>
  <testcase name="And Show User Menu" classname="Scenario: Update Profile" time="0">
    <skipped/>
    <system-out><![CDATA[
  Background:                                                     &amp#27;[90m# features/UpdateUserProfile.feature:4&amp#27;[0m
    &amp#27;[31mGiven &amp#27;[0m&amp#27;[31mUser login with "&amp#27;[0m&amp#27;[31m&amp#27;[1madmin@yopmail.com&amp#27;[0m&amp#27;[31m" and password is "&amp#27;[0m&amp#27;[31m&amp#27;[1m1&amp#27;[0m&amp#27;[31m"&amp#27;[0m &amp#27;[90m# DefinitionTestSuite.user_login_with_and_password_is(String,String)&amp#27;[0m
      &amp#27;[31mnet.thucydides.core.webdriver.UnsupportedDriverException: Could not instantiate class org.openqa.selenium.chrome.ChromeDriver
      	at net.thucydides.core.webdriver.WebDriverFacade.newDriverInstance(WebDriverFacade.java:151)
      	at net.thucydides.core.webdriver.WebDriverFacade.newProxyDriver(WebDriverFacade.java:138)
      	at net.thucydides.core.webdriver.WebDriverFacade.getProxiedDriver(WebDriverFacade.java:108)
      	at net.thucydides.core.webdriver.WebDriverFacade.openIgnoringHtmlUnitScriptErrors(WebDriverFacade.java:183)
      	at net.thucydides.core.webdriver.WebDriverFacade.get(WebDriverFacade.java:178)
      	at net.serenitybdd.core.pages.PageObject.openPageAtUrl(PageObject.java:827)
      	at net.serenitybdd.core.pages.PageObject.open(PageObject.java:737)
      	at net.serenitybdd.core.pages.PageObject.open(PageObject.java:725)
      	at goodJob.steps.loginStep.openUrl(loginStep.java:12)
      	at goodJob.steps.loginStep$$EnhancerByCGLIB$$7936ec44.CGLIB$openUrl$3(<generated>)
      	at goodJob.steps.loginStep$$EnhancerByCGLIB$$7936ec44$$FastClassByCGLIB$$c7d34c09.invoke(<generated>)
      	at net.sf.cglib.proxy.MethodProxy.invokeSuper(MethodProxy.java:228)
      	at net.thucydides.core.steps.StepInterceptor.invokeMethod(StepInterceptor.java:395)
      	at net.thucydides.core.steps.StepInterceptor.executeTestStepMethod(StepInterceptor.java:380)
      	at net.thucydides.core.steps.StepInterceptor.runTestStep(StepInterceptor.java:355)
      	at net.thucydides.core.steps.StepInterceptor.testStepResult(StepInterceptor.java:132)
      	at net.thucydides.core.steps.StepInterceptor.intercept(StepInterceptor.java:61)
      	at goodJob.steps.loginStep$$EnhancerByCGLIB$$7936ec44.openUrl(<generated>)
      	at goodJob.DefinitionTestSuite.user_login_with_and_password_is(DefinitionTestSuite.java:71)
      	at ?.Given User login with "admin@yopmail.com" and password is "1"(features/UpdateUserProfile.feature:5)
      Caused by: net.thucydides.core.webdriver.UnsupportedDriverException: Could not instantiate new WebDriver instance of type class org.openqa.selenium.chrome.ChromeDriver (The driver executable is a directory: D:\Driver
      	at net.thucydides.core.webdriver.WebDriverFactory.newWebdriverInstance(WebDriverFactory.java:135)
      	at net.thucydides.core.webdriver.WebDriverFacade.newDriverInstance(WebDriverFacade.java:147)
      	at net.thucydides.core.webdriver.WebDriverFacade.newProxyDriver(WebDriverFacade.java:138)
      	at net.thucydides.core.webdriver.WebDriverFacade.getProxiedDriver(WebDriverFacade.java:108)
      	at net.thucydides.core.webdriver.WebDriverFacade.openIgnoringHtmlUnitScriptErrors(WebDriverFacade.java:183)
      	at net.thucydides.core.webdriver.WebDriverFacade.get(WebDriverFacade.java:178)
      	at net.serenitybdd.core.pages.PageObject.openPageAtUrl(PageObject.java:827)
      	at net.serenitybdd.core.pages.PageObject.open(PageObject.java:737)
      	at net.serenitybdd.core.pages.PageObject.open(PageObject.java:725)
      	at goodJob.steps.loginStep.openUrl(loginStep.java:12)
      	at goodJob.steps.loginStep$$EnhancerByCGLIB$$7936ec44.CGLIB$openUrl$3(<generated>)
      	at goodJob.steps.loginStep$$EnhancerByCGLIB$$7936ec44$$FastClassByCGLIB$$c7d34c09.invoke(<generated>)
      	at net.sf.cglib.proxy.MethodProxy.invokeSuper(MethodProxy.java:228)
      	at net.thucydides.core.steps.StepInterceptor.invokeMethod(StepInterceptor.java:395)
      	at net.thucydides.core.steps.StepInterceptor.executeTestStepMethod(StepInterceptor.java:380)
      	at net.thucydides.core.steps.StepInterceptor.runTestStep(StepInterceptor.java:355)
      	at net.thucydides.core.steps.StepInterceptor.testStepResult(StepInterceptor.java:132)
      	at net.thucydides.core.steps.StepInterceptor.intercept(StepInterceptor.java:61)
      	at goodJob.steps.loginStep$$EnhancerByCGLIB$$7936ec44.openUrl(<generated>)
      	at goodJob.DefinitionTestSuite.user_login_with_and_password_is(DefinitionTestSuite.java:71)
      	at sun.reflect.NativeMethodAccessorImpl.invoke0(Native Method)
      	at sun.reflect.NativeMethodAccessorImpl.invoke(NativeMethodAccessorImpl.java:62)
      	at sun.reflect.DelegatingMethodAccessorImpl.invoke(DelegatingMethodAccessorImpl.java:43)
      	at java.lang.reflect.Method.invoke(Method.java:498)
      	at cucumber.runtime.Utils$1.call(Utils.java:40)
      	at cucumber.runtime.Timeout.timeout(Timeout.java:16)
      	at cucumber.runtime.Utils.invoke(Utils.java:34)
      	at cucumber.runtime.java.JavaStepDefinition.execute(JavaStepDefinition.java:38)
      	at cucumber.runtime.StepDefinitionMatch.runStep(StepDefinitionMatch.java:37)
      	at cucumber.runtime.Runtime.runStep(Runtime.java:300)
      	at cucumber.runtime.model.StepContainer.runStep(StepContainer.java:44)
      	at cucumber.runtime.model.StepContainer.runSteps(StepContainer.java:39)
      	at cucumber.runtime.model.CucumberScenario.runBackground(CucumberScenario.java:59)
      	at cucumber.runtime.model.CucumberScenario.run(CucumberScenario.java:42)
      	at cucumber.runtime.junit.ExecutionUnitRunner.run(ExecutionUnitRunner.java:102)
      	at cucumber.runtime.junit.FeatureRunner.runChild(FeatureRunner.java:63)
      	at cucumber.runtime.junit.FeatureRunner.runChild(FeatureRunner.java:18)
      	at org.junit.runners.ParentRunner$3.run(ParentRunner.java:290)
      	at org.junit.runners.ParentRunner$1.schedule(ParentRunner.java:71)
      	at org.junit.runners.ParentRunner.runChildren(ParentRunner.java:288)
      	at org.junit.runners.ParentRunner.access$000(ParentRunner.java:58)
      	at org.junit.runners.ParentRunner$2.evaluate(ParentRunner.java:268)
      	at org.junit.runners.ParentRunner.run(ParentRunner.java:363)
      	at cucumber.runtime.junit.FeatureRunner.run(FeatureRunner.java:70)
      	at cucumber.api.junit.Cucumber.runChild(Cucumber.java:95)
      	at cucumber.api.junit.Cucumber.runChild(Cucumber.java:38)
      	at org.junit.runners.ParentRunner$3.run(ParentRunner.java:290)
      	at org.junit.runners.ParentRunner$1.schedule(ParentRunner.java:71)
      	at org.junit.runners.ParentRunner.runChildren(ParentRunner.java:288)
      	at org.junit.runners.ParentRunner.access$000(ParentRunner.java:58)
      	at org.junit.runners.ParentRunner$2.evaluate(ParentRunner.java:268)
      	at org.junit.runners.ParentRunner.run(ParentRunner.java:363)
      	at cucumber.api.junit.Cucumber.run(Cucumber.java:100)
      	at org.apache.maven.surefire.junit4.JUnit4Provider.execute(JUnit4Provider.java:367)
      	at org.apache.maven.surefire.junit4.JUnit4Provider.executeWithRerun(JUnit4Provider.java:274)
      	at org.apache.maven.surefire.junit4.JUnit4Provider.executeTestSet(JUnit4Provider.java:238)
      	at org.apache.maven.surefire.junit4.JUnit4Provider.invoke(JUnit4Provider.java:161)
      	at org.apache.maven.surefire.booter.ForkedBooter.invokeProviderInSameClassLoader(ForkedBooter.java:290)
      	at org.apache.maven.surefire.booter.ForkedBooter.runSuitesInProcess(ForkedBooter.java:242)
      	at org.apache.maven.surefire.booter.ForkedBooter.main(ForkedBooter.java:121)
      Caused by: java.lang.IllegalStateException: The driver executable is a directory: D:\Driver
      	at com.google.common.base.Preconditions.checkState(Preconditions.java:518)
      	at net.serenitybdd.core.webdriver.servicepools.DriverServiceExecutable.checkExecutable(DriverServiceExecutable.java:118)
      	at net.serenitybdd.core.webdriver.servicepools.DriverServiceExecutable.checkForMissingBinaries(DriverServiceExecutable.java:111)
      	at net.serenitybdd.core.webdriver.servicepools.DriverServiceExecutable.asAFile(DriverServiceExecutable.java:98)
      	at net.serenitybdd.core.webdriver.servicepools.ChromeServicePool.chromeDriverExecutable(ChromeServicePool.java:44)
      	at net.serenitybdd.core.webdriver.servicepools.ChromeServicePool.newDriverService(ChromeServicePool.java:25)
      	at net.serenitybdd.core.webdriver.servicepools.ChromeServicePool.newDriverService(ChromeServicePool.java:12)
      	at net.serenitybdd.core.webdriver.servicepools.DriverServicePool.driverServiceWithName(DriverServicePool.java:54)
      	at net.serenitybdd.core.webdriver.servicepools.DriverServicePool.getDriverService(DriverServicePool.java:45)
      	at net.serenitybdd.core.webdriver.servicepools.DriverServicePool.start(DriverServicePool.java:60)
      	at net.serenitybdd.core.webdriver.servicepools.DriverServicePool.ensureServiceIsRunning(DriverServicePool.java:86)
      	at net.serenitybdd.core.webdriver.driverproviders.ChromeDriverProvider.getDriverServicePool(ChromeDriverProvider.java:29)
      	at net.serenitybdd.core.webdriver.driverproviders.ChromeDriverProvider.newInstance(ChromeDriverProvider.java:48)
      	at net.thucydides.core.webdriver.WebDriverFactory.newWebdriverInstance(WebDriverFactory.java:125)
      	... 59 more
      &amp#27;[0m
]]></system-out>
  </testcase>
  <testcase name="And Open User profile screen" classname="Scenario: Update Profile" time="0">
    <skipped/>
  </testcase>
  <testcase name="And Update User Profile with First Name is &quot;First name is Updated&quot; and Last Name is &quot;Last name is Updated&quot;" classname="Scenario: Update Profile" time="0">
    <skipped/>
  </testcase>
  <testcase name="Then Back to Home Page" classname="Scenario: Update Profile" time="0">
    <skipped/>
  </testcase>
</testsuite>