<?xml version="1.0" encoding="UTF-8"?>
<testsuite xmlns:xsi="http://www.w3.org/2001/XMLSchema-instance" xsi:schemaLocation="https://maven.apache.org/surefire/maven-surefire-plugin/xsd/surefire-test-report.xsd" name="goodJob.gJobTestSuite" time="731.816" tests="14" errors="4" skipped="8" failures="0">
  <properties>
[...]
</properties>
  <testcase name="Given I go to login page" classname="Scenario: Access Company detail" time="0"/>
  <testcase name="When I input user name is &quot;admin@yopmail.com&quot;" classname="Scenario: Access Company detail" time="0">
    <error message="Timed out after 30 seconds. Element not found&#10;For documentation on this error, please visit: http://seleniumhq.org/exceptions/no_such_element.html&#10;Build info: version: &apos;3.4.0&apos;, revision: &apos;unknown&apos;, time: &apos;unknown&apos;&#10;System info: host: &apos;LAPTOP-QPURT33B&apos;, ip: &apos;192.168.1.16&apos;, os.name: &apos;Windows 10&apos;, os.arch: &apos;amd64&apos;, os.version: &apos;10.0&apos;, java.version: &apos;1.8.0_74&apos;&#10;Driver info: driver.version: unknown" type="net.serenitybdd.core.exceptions.SerenityManagedException">net.serenitybdd.core.exceptions.SerenityManagedException: 
Timed out after 30 seconds. Element not found
For documentation on this error, please visit: http://seleniumhq.org/exceptions/no_such_element.html
Build info: version: '3.4.0', revision: 'unknown', time: 'unknown'
System info: host: 'LAPTOP-QPURT33B', ip: '192.168.1.16', os.name: 'Windows 10', os.arch: 'amd64', os.version: '10.0', java.version: '1.8.0_74'
Driver info: driver.version: unknown
</error>
  </testcase>
  <testcase name="Scenario: Access Company detail" classname="Scenario: Access Company detail" time="0">
    <error message="Timed out after 30 seconds. Element not found&#10;For documentation on this error, please visit: http://seleniumhq.org/exceptions/no_such_element.html&#10;Build info: version: &apos;3.4.0&apos;, revision: &apos;unknown&apos;, time: &apos;unknown&apos;&#10;System info: host: &apos;LAPTOP-QPURT33B&apos;, ip: &apos;192.168.1.16&apos;, os.name: &apos;Windows 10&apos;, os.arch: &apos;amd64&apos;, os.version: &apos;10.0&apos;, java.version: &apos;1.8.0_74&apos;&#10;Driver info: driver.version: unknown" type="net.serenitybdd.core.exceptions.SerenityManagedException">net.serenitybdd.core.exceptions.SerenityManagedException: 
Timed out after 30 seconds. Element not found
For documentation on this error, please visit: http://seleniumhq.org/exceptions/no_such_element.html
Build info: version: '3.4.0', revision: 'unknown', time: 'unknown'
System info: host: 'LAPTOP-QPURT33B', ip: '192.168.1.16', os.name: 'Windows 10', os.arch: 'amd64', os.version: '10.0', java.version: '1.8.0_74'
Driver info: driver.version: unknown
</error>
  </testcase>
  <testcase name="And I input password is &quot;1&quot;" classname="Scenario: Access Company detail" time="0">
    <skipped/>
  </testcase>
  <testcase name="And I click on Login button" classname="Scenario: Access Company detail" time="0">
    <skipped/>
  </testcase>
  <testcase name="And Open company is company" classname="Scenario: Access Company detail" time="0">
    <skipped/>
    <system-out><![CDATA[
  Background:                                     &amp#27;[90m# features/UserAction.feature:4&amp#27;[0m
    &amp#27;[32mGiven &amp#27;[0m&amp#27;[32mI go to login page&amp#27;[0m                      &amp#27;[90m# loginDefinitionTestSuite.i_go_to_login_page()&amp#27;[0m
    &amp#27;[31mWhen &amp#27;[0m&amp#27;[31mI input user name is "&amp#27;[0m&amp#27;[31m&amp#27;[1madmin@yopmail.com&amp#27;[0m&amp#27;[31m"&amp#27;[0m &amp#27;[90m# loginDefinitionTestSuite.i_input_user_name_is(String)&amp#27;[0m
      &amp#27;[31mnet.serenitybdd.core.exceptions.SerenityManagedException: Timed out after 30 seconds. Element not found
      For documentation on this error, please visit: http://seleniumhq.org/exceptions/no_such_element.html
      Build info: version: '3.4.0', revision: 'unknown', time: 'unknown'
      System info: host: 'LAPTOP-QPURT33B', ip: '192.168.1.16', os.name: 'Windows 10', os.arch: 'amd64', os.version: '10.0', java.version: '1.8.0_74'
      Driver info: driver.version: unknown
      	at net.thucydides.core.annotations.locators.SmartAjaxElementLocator.ajaxFindElement(SmartAjaxElementLocator.java:151)
      	at net.thucydides.core.annotations.locators.SmartAjaxElementLocator.findElement(SmartAjaxElementLocator.java:103)
      	at org.openqa.selenium.support.pagefactory.internal.LocatingElementHandler.invoke(LocatingElementHandler.java:38)
      	at com.sun.proxy.$Proxy23.sendKeys(Unknown Source)
      	at goodJob.pages.loginPage.enterEmail(loginPage.java:38)
      	at goodJob.steps.loginStep.input_username(loginStep.java:16)
      	at goodJob.steps.loginStep$$EnhancerByCGLIB$$7936ec44.CGLIB$input_username$5(<generated>)
      	at goodJob.steps.loginStep$$EnhancerByCGLIB$$7936ec44$$FastClassByCGLIB$$c7d34c09.invoke(<generated>)
      	at net.sf.cglib.proxy.MethodProxy.invokeSuper(MethodProxy.java:228)
      	at net.thucydides.core.steps.StepInterceptor.invokeMethod(StepInterceptor.java:395)
      	at net.thucydides.core.steps.StepInterceptor.executeTestStepMethod(StepInterceptor.java:380)
      	at net.thucydides.core.steps.StepInterceptor.runTestStep(StepInterceptor.java:355)
      	at net.thucydides.core.steps.StepInterceptor.testStepResult(StepInterceptor.java:132)
      	at net.thucydides.core.steps.StepInterceptor.intercept(StepInterceptor.java:61)
      	at goodJob.steps.loginStep$$EnhancerByCGLIB$$7936ec44.input_username(<generated>)
      	at goodJob.loginDefinitionTestSuite.i_input_user_name_is(loginDefinitionTestSuite.java:24)
      	at ?.When I input user name is "admin@yopmail.com"(features/UserAction.feature:6)
      &amp#27;[0m
    &amp#27;[36mAnd &amp#27;[0m&amp#27;[36mI input password is "&amp#27;[0m&amp#27;[36m&amp#27;[1m1&amp#27;[0m&amp#27;[36m"&amp#27;[0m                   &amp#27;[90m# loginDefinitionTestSuite.i_input_password_is(String)&amp#27;[0m
    &amp#27;[36mAnd &amp#27;[0m&amp#27;[36mI click on Login button&amp#27;[0m                   &amp#27;[90m# loginDefinitionTestSuite.I_click_on_Login_button()&amp#27;[0m
]]></system-out>
  </testcase>
  <testcase name="Then Show me &quot;SCORING DETAILS&quot;" classname="Scenario: Access Company detail" time="0">
    <skipped/>
  </testcase>
  <testcase name="Given I go to login page" classname="Scenario: Download screen" time="0"/>
  <testcase name="When I input user name is &quot;admin@yopmail.com&quot;" classname="Scenario: Download screen" time="0.001">
    <error message="Timed out after 30 seconds. Element not found&#10;For documentation on this error, please visit: http://seleniumhq.org/exceptions/no_such_element.html&#10;Build info: version: &apos;3.4.0&apos;, revision: &apos;unknown&apos;, time: &apos;unknown&apos;&#10;System info: host: &apos;LAPTOP-QPURT33B&apos;, ip: &apos;192.168.1.16&apos;, os.name: &apos;Windows 10&apos;, os.arch: &apos;amd64&apos;, os.version: &apos;10.0&apos;, java.version: &apos;1.8.0_74&apos;&#10;Driver info: driver.version: unknown" type="net.serenitybdd.core.exceptions.SerenityManagedException">net.serenitybdd.core.exceptions.SerenityManagedException: 
Timed out after 30 seconds. Element not found
For documentation on this error, please visit: http://seleniumhq.org/exceptions/no_such_element.html
Build info: version: '3.4.0', revision: 'unknown', time: 'unknown'
System info: host: 'LAPTOP-QPURT33B', ip: '192.168.1.16', os.name: 'Windows 10', os.arch: 'amd64', os.version: '10.0', java.version: '1.8.0_74'
Driver info: driver.version: unknown
</error>
  </testcase>
  <testcase name="Scenario: Download screen" classname="Scenario: Download screen" time="0.001">
    <error message="Timed out after 30 seconds. Element not found&#10;For documentation on this error, please visit: http://seleniumhq.org/exceptions/no_such_element.html&#10;Build info: version: &apos;3.4.0&apos;, revision: &apos;unknown&apos;, time: &apos;unknown&apos;&#10;System info: host: &apos;LAPTOP-QPURT33B&apos;, ip: &apos;192.168.1.16&apos;, os.name: &apos;Windows 10&apos;, os.arch: &apos;amd64&apos;, os.version: &apos;10.0&apos;, java.version: &apos;1.8.0_74&apos;&#10;Driver info: driver.version: unknown" type="net.serenitybdd.core.exceptions.SerenityManagedException">net.serenitybdd.core.exceptions.SerenityManagedException: 
Timed out after 30 seconds. Element not found
For documentation on this error, please visit: http://seleniumhq.org/exceptions/no_such_element.html
Build info: version: '3.4.0', revision: 'unknown', time: 'unknown'
System info: host: 'LAPTOP-QPURT33B', ip: '192.168.1.16', os.name: 'Windows 10', os.arch: 'amd64', os.version: '10.0', java.version: '1.8.0_74'
Driver info: driver.version: unknown
</error>
  </testcase>
  <testcase name="And I input password is &quot;1&quot;" classname="Scenario: Download screen" time="0">
    <skipped/>
  </testcase>
  <testcase name="And I click on Login button" classname="Scenario: Download screen" time="0">
    <skipped/>
  </testcase>
  <testcase name="And Clicking on Download button" classname="Scenario: Download screen" time="0">
    <skipped/>
    <system-out><![CDATA[
  Background:                                     &amp#27;[90m# features/UserAction.feature:4&amp#27;[0m
    &amp#27;[32mGiven &amp#27;[0m&amp#27;[32mI go to login page&amp#27;[0m                      &amp#27;[90m# loginDefinitionTestSuite.i_go_to_login_page()&amp#27;[0m
    &amp#27;[31mWhen &amp#27;[0m&amp#27;[31mI input user name is "&amp#27;[0m&amp#27;[31m&amp#27;[1madmin@yopmail.com&amp#27;[0m&amp#27;[31m"&amp#27;[0m &amp#27;[90m# loginDefinitionTestSuite.i_input_user_name_is(String)&amp#27;[0m
      &amp#27;[31mnet.serenitybdd.core.exceptions.SerenityManagedException: Timed out after 30 seconds. Element not found
      For documentation on this error, please visit: http://seleniumhq.org/exceptions/no_such_element.html
      Build info: version: '3.4.0', revision: 'unknown', time: 'unknown'
      System info: host: 'LAPTOP-QPURT33B', ip: '192.168.1.16', os.name: 'Windows 10', os.arch: 'amd64', os.version: '10.0', java.version: '1.8.0_74'
      Driver info: driver.version: unknown
      	at net.thucydides.core.annotations.locators.SmartAjaxElementLocator.ajaxFindElement(SmartAjaxElementLocator.java:151)
      	at net.thucydides.core.annotations.locators.SmartAjaxElementLocator.findElement(SmartAjaxElementLocator.java:103)
      	at org.openqa.selenium.support.pagefactory.internal.LocatingElementHandler.invoke(LocatingElementHandler.java:38)
      	at com.sun.proxy.$Proxy23.sendKeys(Unknown Source)
      	at goodJob.pages.loginPage.enterEmail(loginPage.java:38)
      	at goodJob.steps.loginStep.input_username(loginStep.java:16)
      	at goodJob.steps.loginStep$$EnhancerByCGLIB$$7936ec44.CGLIB$input_username$5(<generated>)
      	at goodJob.steps.loginStep$$EnhancerByCGLIB$$7936ec44$$FastClassByCGLIB$$c7d34c09.invoke(<generated>)
      	at net.sf.cglib.proxy.MethodProxy.invokeSuper(MethodProxy.java:228)
      	at net.thucydides.core.steps.StepInterceptor.invokeMethod(StepInterceptor.java:395)
      	at net.thucydides.core.steps.StepInterceptor.executeTestStepMethod(StepInterceptor.java:380)
      	at net.thucydides.core.steps.StepInterceptor.runTestStep(StepInterceptor.java:355)
      	at net.thucydides.core.steps.StepInterceptor.testStepResult(StepInterceptor.java:132)
      	at net.thucydides.core.steps.StepInterceptor.intercept(StepInterceptor.java:61)
      	at goodJob.steps.loginStep$$EnhancerByCGLIB$$7936ec44.input_username(<generated>)
      	at goodJob.loginDefinitionTestSuite.i_input_user_name_is(loginDefinitionTestSuite.java:24)
      	at ?.When I input user name is "admin@yopmail.com"(features/UserAction.feature:6)
      &amp#27;[0m
    &amp#27;[36mAnd &amp#27;[0m&amp#27;[36mI input password is "&amp#27;[0m&amp#27;[36m&amp#27;[1m1&amp#27;[0m&amp#27;[36m"&amp#27;[0m                   &amp#27;[90m# loginDefinitionTestSuite.i_input_password_is(String)&amp#27;[0m
    &amp#27;[36mAnd &amp#27;[0m&amp#27;[36mI click on Login button&amp#27;[0m                   &amp#27;[90m# loginDefinitionTestSuite.I_click_on_Login_button()&amp#27;[0m
]]></system-out>
  </testcase>
  <testcase name="Then Open Test Download 50k" classname="Scenario: Download screen" time="0">
    <skipped/>
  </testcase>
</testsuite>