<?xml version="1.0" encoding="UTF-8"?>
<testsuite xmlns:xsi="http://www.w3.org/2001/XMLSchema-instance" xsi:schemaLocation="https://maven.apache.org/surefire/maven-surefire-plugin/xsd/surefire-test-report.xsd" name="goodJob.gJobTestSuite" time="74.747" tests="6" errors="2" skipped="3" failures="0">
  <properties>
[...]
</properties>
  <testcase name="Given User login with &quot;admin@yopmail.com&quot; and password is &quot;1&quot;" classname="Scenario: Update Profile" time="0.005"/>
  <testcase name="And Show User Menu" classname="Scenario: Update Profile" time="0.009">
    <error message="unknown error: Element &lt;a id=&quot;basic-nav-dropdown&quot; role=&quot;button&quot; class=&quot;dropdown-toggle&quot; aria-haspopup=&quot;true&quot; aria-expanded=&quot;false&quot; href=&quot;#&quot;&gt;...&lt;/a&gt; is not clickable at point (958, 41). Other element would receive the click: &lt;div class=&quot;text-center gj-loading-view loading-view-animate-200&quot;&gt;...&lt;/div&gt;&#10;  (Session info: chrome=60.0.3112.113)&#10;  (Driver info: chromedriver=2.30.477700 (0057494ad8732195794a7b32078424f92a5fce41),platform=Windows NT 10.0.14393 x86_64) (WARNING: The server did not provide any stacktrace information)&#10;Command duration or timeout: 129 milliseconds&#10;Build info: version: &apos;3.4.0&apos;, revision: &apos;unknown&apos;, time: &apos;unknown&apos;&#10;System info: host: &apos;KVTRUYEN&apos;, ip: &apos;192.168.210.87&apos;, os.name: &apos;Windows 10&apos;, os.arch: &apos;amd64&apos;, os.version: &apos;10.0&apos;, java.version: &apos;1.8.0_144&apos;&#10;Driver info: org.openqa.selenium.remote.RemoteWebDriver&#10;Capabilities [{applicationCacheEnabled=false, rotatable=false, mobileEmulationEnabled=false, networkConnectionEnabled=false, chrome={chromedriverVersion=2.30.477700 (0057494ad8732195794a7b32078424f92a5fce41), userDataDir=C:\Users\kvtruyen\AppData\Local\Temp\scoped_dir368_20363}, takesHeapSnapshot=true, pageLoadStrategy=normal, databaseEnabled=false, handlesAlerts=true, hasTouchScreen=false, version=60.0.3112.113, platform=XP, browserConnectionEnabled=false, nativeEvents=true, acceptSslCerts=true, locationContextEnabled=true, webStorageEnabled=true, browserName=chrome, takesScreenshot=true, javascriptEnabled=true, cssSelectorsEnabled=true, unexpectedAlertBehaviour=}]&#10;Session ID: bc6f493b9a9105f3d74fd9d806a32f4f" type="net.serenitybdd.core.exceptions.SerenityManagedException"><![CDATA[net.serenitybdd.core.exceptions.SerenityManagedException: 
unknown error: Element <a id="basic-nav-dropdown" role="button" class="dropdown-toggle" aria-haspopup="true" aria-expanded="false" href="#">...</a> is not clickable at point (958, 41). Other element would receive the click: <div class="text-center gj-loading-view loading-view-animate-200">...</div>
  (Session info: chrome=60.0.3112.113)
  (Driver info: chromedriver=2.30.477700 (0057494ad8732195794a7b32078424f92a5fce41),platform=Windows NT 10.0.14393 x86_64) (WARNING: The server did not provide any stacktrace information)
Command duration or timeout: 129 milliseconds
Build info: version: '3.4.0', revision: 'unknown', time: 'unknown'
System info: host: 'KVTRUYEN', ip: '192.168.210.87', os.name: 'Windows 10', os.arch: 'amd64', os.version: '10.0', java.version: '1.8.0_144'
Driver info: org.openqa.selenium.remote.RemoteWebDriver
Capabilities [{applicationCacheEnabled=false, rotatable=false, mobileEmulationEnabled=false, networkConnectionEnabled=false, chrome={chromedriverVersion=2.30.477700 (0057494ad8732195794a7b32078424f92a5fce41), userDataDir=C:\Users\kvtruyen\AppData\Local\Temp\scoped_dir368_20363}, takesHeapSnapshot=true, pageLoadStrategy=normal, databaseEnabled=false, handlesAlerts=true, hasTouchScreen=false, version=60.0.3112.113, platform=XP, browserConnectionEnabled=false, nativeEvents=true, acceptSslCerts=true, locationContextEnabled=true, webStorageEnabled=true, browserName=chrome, takesScreenshot=true, javascriptEnabled=true, cssSelectorsEnabled=true, unexpectedAlertBehaviour=}]
Session ID: bc6f493b9a9105f3d74fd9d806a32f4f
]]></error>
    <system-out><![CDATA[
  Background:                                                     &amp#27;[90m# features/UpdateUserProfile.feature:4&amp#27;[0m
    &amp#27;[32mGiven &amp#27;[0m&amp#27;[32mUser login with "&amp#27;[0m&amp#27;[32m&amp#27;[1madmin@yopmail.com&amp#27;[0m&amp#27;[32m" and password is "&amp#27;[0m&amp#27;[32m&amp#27;[1m1&amp#27;[0m&amp#27;[32m"&amp#27;[0m &amp#27;[90m# DefinitionTestSuite.user_login_with_and_password_is(String,String)&amp#27;[0m
]]></system-out>
  </testcase>
  <testcase name="Scenario: Update Profile" classname="Scenario: Update Profile" time="0.01">
    <error message="unknown error: Element &lt;a id=&quot;basic-nav-dropdown&quot; role=&quot;button&quot; class=&quot;dropdown-toggle&quot; aria-haspopup=&quot;true&quot; aria-expanded=&quot;false&quot; href=&quot;#&quot;&gt;...&lt;/a&gt; is not clickable at point (958, 41). Other element would receive the click: &lt;div class=&quot;text-center gj-loading-view loading-view-animate-200&quot;&gt;...&lt;/div&gt;&#10;  (Session info: chrome=60.0.3112.113)&#10;  (Driver info: chromedriver=2.30.477700 (0057494ad8732195794a7b32078424f92a5fce41),platform=Windows NT 10.0.14393 x86_64) (WARNING: The server did not provide any stacktrace information)&#10;Command duration or timeout: 129 milliseconds&#10;Build info: version: &apos;3.4.0&apos;, revision: &apos;unknown&apos;, time: &apos;unknown&apos;&#10;System info: host: &apos;KVTRUYEN&apos;, ip: &apos;192.168.210.87&apos;, os.name: &apos;Windows 10&apos;, os.arch: &apos;amd64&apos;, os.version: &apos;10.0&apos;, java.version: &apos;1.8.0_144&apos;&#10;Driver info: org.openqa.selenium.remote.RemoteWebDriver&#10;Capabilities [{applicationCacheEnabled=false, rotatable=false, mobileEmulationEnabled=false, networkConnectionEnabled=false, chrome={chromedriverVersion=2.30.477700 (0057494ad8732195794a7b32078424f92a5fce41), userDataDir=C:\Users\kvtruyen\AppData\Local\Temp\scoped_dir368_20363}, takesHeapSnapshot=true, pageLoadStrategy=normal, databaseEnabled=false, handlesAlerts=true, hasTouchScreen=false, version=60.0.3112.113, platform=XP, browserConnectionEnabled=false, nativeEvents=true, acceptSslCerts=true, locationContextEnabled=true, webStorageEnabled=true, browserName=chrome, takesScreenshot=true, javascriptEnabled=true, cssSelectorsEnabled=true, unexpectedAlertBehaviour=}]&#10;Session ID: bc6f493b9a9105f3d74fd9d806a32f4f" type="net.serenitybdd.core.exceptions.SerenityManagedException"><![CDATA[net.serenitybdd.core.exceptions.SerenityManagedException: 
unknown error: Element <a id="basic-nav-dropdown" role="button" class="dropdown-toggle" aria-haspopup="true" aria-expanded="false" href="#">...</a> is not clickable at point (958, 41). Other element would receive the click: <div class="text-center gj-loading-view loading-view-animate-200">...</div>
  (Session info: chrome=60.0.3112.113)
  (Driver info: chromedriver=2.30.477700 (0057494ad8732195794a7b32078424f92a5fce41),platform=Windows NT 10.0.14393 x86_64) (WARNING: The server did not provide any stacktrace information)
Command duration or timeout: 129 milliseconds
Build info: version: '3.4.0', revision: 'unknown', time: 'unknown'
System info: host: 'KVTRUYEN', ip: '192.168.210.87', os.name: 'Windows 10', os.arch: 'amd64', os.version: '10.0', java.version: '1.8.0_144'
Driver info: org.openqa.selenium.remote.RemoteWebDriver
Capabilities [{applicationCacheEnabled=false, rotatable=false, mobileEmulationEnabled=false, networkConnectionEnabled=false, chrome={chromedriverVersion=2.30.477700 (0057494ad8732195794a7b32078424f92a5fce41), userDataDir=C:\Users\kvtruyen\AppData\Local\Temp\scoped_dir368_20363}, takesHeapSnapshot=true, pageLoadStrategy=normal, databaseEnabled=false, handlesAlerts=true, hasTouchScreen=false, version=60.0.3112.113, platform=XP, browserConnectionEnabled=false, nativeEvents=true, acceptSslCerts=true, locationContextEnabled=true, webStorageEnabled=true, browserName=chrome, takesScreenshot=true, javascriptEnabled=true, cssSelectorsEnabled=true, unexpectedAlertBehaviour=}]
Session ID: bc6f493b9a9105f3d74fd9d806a32f4f
]]></error>
  </testcase>
  <testcase name="And Open User profile screen" classname="Scenario: Update Profile" time="0">
    <skipped/>
  </testcase>
  <testcase name="And Update User Profile with First Name is &quot;First name is Updated&quot; and Last Name is &quot;Last name is Updated&quot;" classname="Scenario: Update Profile" time="0">
    <skipped/>
  </testcase>
  <testcase name="Then Back to Home Page" classname="Scenario: Update Profile" time="0">
    <skipped/>
  </testcase>
</testsuite>