<?xml version="1.0" encoding="UTF-8"?><testsuite errors="1" failures="0" name="Admin do some thing" skipped="0" tests="2" time="96.8" timestamp="2017-09-19T16:23:06.422+07:00[Asia/Bangkok]"><testcase name="Access Company detail"/><testcase name="Download screen"><error message="unknown error: Element &lt;a href=&quot;/downloadfilter&quot;&gt;...&lt;/a&gt; is not clickable at point (760, 41). Other element would receive the click: &lt;div class=&quot;text-center gj-loading-view loading-view-animate-200&quot;&gt;...&lt;/div&gt;&#10;  (Session info: chrome=60.0.3112.113)&#10;  (Driver info: chromedriver=2.30.477700 (0057494ad8732195794a7b32078424f92a5fce41),platform=Windows NT 10.0.14393 x86_64) (WARNING: The server did not provide any stacktrace information)&#10;Command duration or timeout: 101 milliseconds&#10;Build info: version: '3.4.0', revision: 'unknown', time: 'unknown'&#10;System info: host: 'KVTRUYEN', ip: '192.168.210.87', os.name: 'Windows 10', os.arch: 'amd64', os.version: '10.0', java.version: '1.8.0_144'&#10;Driver info: org.openqa.selenium.remote.RemoteWebDriver&#10;Capabilities [{applicationCacheEnabled=false, rotatable=false, mobileEmulationEnabled=false, networkConnectionEnabled=false, chrome={chromedriverVersion=2.30.477700 (0057494ad8732195794a7b32078424f92a5fce41), userDataDir=C:\Users\kvtruyen\AppData\Local\Temp\scoped_dir8096_4158}, takesHeapSnapshot=true, pageLoadStrategy=normal, databaseEnabled=false, handlesAlerts=true, hasTouchScreen=false, version=60.0.3112.113, platform=XP, browserConnectionEnabled=false, nativeEvents=true, acceptSslCerts=true, locationContextEnabled=true, webStorageEnabled=true, browserName=chrome, takesScreenshot=true, javascriptEnabled=true, cssSelectorsEnabled=true, unexpectedAlertBehaviour=}]&#10;Session ID: b726d9509c2cf7badfa4b5f01414387e&#10;Build info: version: '3.4.0', revision: 'unknown', time: 'unknown'&#10;System info: host: 'KVTRUYEN', ip: '192.168.210.87', os.name: 'Windows 10', os.arch: 'amd64', os.version: '10.0', java.version: '1.8.0_144'&#10;Driver info: driver.version: unknown" type="org.openqa.selenium.WebDriverException">unknown error: Element &lt;a href="/downloadfilter"&gt;...&lt;/a&gt; is not clickable at point (760, 41). Other element would receive the click: &lt;div class="text-center gj-loading-view loading-view-animate-200"&gt;...&lt;/div&gt;
  (Session info: chrome=60.0.3112.113)
  (Driver info: chromedriver=2.30.477700 (0057494ad8732195794a7b32078424f92a5fce41),platform=Windows NT 10.0.14393 x86_64) (WARNING: The server did not provide any stacktrace information)
Command duration or timeout: 101 milliseconds
Build info: version: '3.4.0', revision: 'unknown', time: 'unknown'
System info: host: 'KVTRUYEN', ip: '192.168.210.87', os.name: 'Windows 10', os.arch: 'amd64', os.version: '10.0', java.version: '1.8.0_144'
Driver info: org.openqa.selenium.remote.RemoteWebDriver
Capabilities [{applicationCacheEnabled=false, rotatable=false, mobileEmulationEnabled=false, networkConnectionEnabled=false, chrome={chromedriverVersion=2.30.477700 (0057494ad8732195794a7b32078424f92a5fce41), userDataDir=C:\Users\kvtruyen\AppData\Local\Temp\scoped_dir8096_4158}, takesHeapSnapshot=true, pageLoadStrategy=normal, databaseEnabled=false, handlesAlerts=true, hasTouchScreen=false, version=60.0.3112.113, platform=XP, browserConnectionEnabled=false, nativeEvents=true, acceptSslCerts=true, locationContextEnabled=true, webStorageEnabled=true, browserName=chrome, takesScreenshot=true, javascriptEnabled=true, cssSelectorsEnabled=true, unexpectedAlertBehaviour=}]
Session ID: b726d9509c2cf7badfa4b5f01414387e
Build info: version: '3.4.0', revision: 'unknown', time: 'unknown'
System info: host: 'KVTRUYEN', ip: '192.168.210.87', os.name: 'Windows 10', os.arch: 'amd64', os.version: '10.0', java.version: '1.8.0_144'
Driver info: driver.version: unknown</error><system-err>unknown error: Element &lt;a href="/downloadfilter"&gt;...&lt;/a&gt; is not clickable at point (760, 41). Other element would receive the click: &lt;div class="text-center gj-loading-view loading-view-animate-200"&gt;...&lt;/div&gt;
  (Session info: chrome=60.0.3112.113)
  (Driver info: chromedriver=2.30.477700 (0057494ad8732195794a7b32078424f92a5fce41),platform=Windows NT 10.0.14393 x86_64) (WARNING: The server did not provide any stacktrace information)
Command duration or timeout: 101 milliseconds
Build info: version: '3.4.0', revision: 'unknown', time: 'unknown'
System info: host: 'KVTRUYEN', ip: '192.168.210.87', os.name: 'Windows 10', os.arch: 'amd64', os.version: '10.0', java.version: '1.8.0_144'
Driver info: org.openqa.selenium.remote.RemoteWebDriver
Capabilities [{applicationCacheEnabled=false, rotatable=false, mobileEmulationEnabled=false, networkConnectionEnabled=false, chrome={chromedriverVersion=2.30.477700 (0057494ad8732195794a7b32078424f92a5fce41), userDataDir=C:\Users\kvtruyen\AppData\Local\Temp\scoped_dir8096_4158}, takesHeapSnapshot=true, pageLoadStrategy=normal, databaseEnabled=false, handlesAlerts=true, hasTouchScreen=false, version=60.0.3112.113, platform=XP, browserConnectionEnabled=false, nativeEvents=true, acceptSslCerts=true, locationContextEnabled=true, webStorageEnabled=true, browserName=chrome, takesScreenshot=true, javascriptEnabled=true, cssSelectorsEnabled=true, unexpectedAlertBehaviour=}]
Session ID: b726d9509c2cf7badfa4b5f01414387e
Build info: version: '3.4.0', revision: 'unknown', time: 'unknown'
System info: host: 'KVTRUYEN', ip: '192.168.210.87', os.name: 'Windows 10', os.arch: 'amd64', os.version: '10.0', java.version: '1.8.0_144'
Driver info: driver.version: unknown&#13;
goodJob.pages.loginPage.open_download_screen(loginPage.java:62)&#13;
goodJob.steps.loginStep.click_download_button(loginStep.java:49)&#13;
goodJob.DefinitionTestSuite.clicking_on_Download_button(DefinitionTestSuite.java:61)&#13;
</system-err></testcase></testsuite>