<?xml version="1.0" encoding="UTF-8"?><testsuite errors="1" failures="0" name="Update User Profile" skipped="0" tests="1" time="70.53" timestamp="2017-09-20T14:37:14.027+07:00[Asia/Bangkok]"><testcase name="Update Profile"><error message="unknown error: Element &lt;a id=&quot;basic-nav-dropdown&quot; role=&quot;button&quot; class=&quot;dropdown-toggle&quot; aria-haspopup=&quot;true&quot; aria-expanded=&quot;false&quot; href=&quot;#&quot;&gt;...&lt;/a&gt; is not clickable at point (958, 41). Other element would receive the click: &lt;div class=&quot;text-center gj-loading-view loading-view-animate-200&quot;&gt;...&lt;/div&gt;&#10;  (Session info: chrome=60.0.3112.113)&#10;  (Driver info: chromedriver=2.30.477700 (0057494ad8732195794a7b32078424f92a5fce41),platform=Windows NT 10.0.14393 x86_64) (WARNING: The server did not provide any stacktrace information)&#10;Command duration or timeout: 129 milliseconds&#10;Build info: version: '3.4.0', revision: 'unknown', time: 'unknown'&#10;System info: host: 'KVTRUYEN', ip: '192.168.210.87', os.name: 'Windows 10', os.arch: 'amd64', os.version: '10.0', java.version: '1.8.0_144'&#10;Driver info: org.openqa.selenium.remote.RemoteWebDriver&#10;Capabilities [{applicationCacheEnabled=false, rotatable=false, mobileEmulationEnabled=false, networkConnectionEnabled=false, chrome={chromedriverVersion=2.30.477700 (0057494ad8732195794a7b32078424f92a5fce41), userDataDir=C:\Users\kvtruyen\AppData\Local\Temp\scoped_dir368_20363}, takesHeapSnapshot=true, pageLoadStrategy=normal, databaseEnabled=false, handlesAlerts=true, hasTouchScreen=false, version=60.0.3112.113, platform=XP, browserConnectionEnabled=false, nativeEvents=true, acceptSslCerts=true, locationContextEnabled=true, webStorageEnabled=true, browserName=chrome, takesScreenshot=true, javascriptEnabled=true, cssSelectorsEnabled=true, unexpectedAlertBehaviour=}]&#10;Session ID: bc6f493b9a9105f3d74fd9d806a32f4f&#10;Build info: version: '3.4.0', revision: 'unknown', time: 'unknown'&#10;System info: host: 'KVTRUYEN', ip: '192.168.210.87', os.name: 'Windows 10', os.arch: 'amd64', os.version: '10.0', java.version: '1.8.0_144'&#10;Driver info: driver.version: unknown" type="org.openqa.selenium.WebDriverException">unknown error: Element &lt;a id="basic-nav-dropdown" role="button" class="dropdown-toggle" aria-haspopup="true" aria-expanded="false" href="#"&gt;...&lt;/a&gt; is not clickable at point (958, 41). Other element would receive the click: &lt;div class="text-center gj-loading-view loading-view-animate-200"&gt;...&lt;/div&gt;
  (Session info: chrome=60.0.3112.113)
  (Driver info: chromedriver=2.30.477700 (0057494ad8732195794a7b32078424f92a5fce41),platform=Windows NT 10.0.14393 x86_64) (WARNING: The server did not provide any stacktrace information)
Command duration or timeout: 129 milliseconds
Build info: version: '3.4.0', revision: 'unknown', time: 'unknown'
System info: host: 'KVTRUYEN', ip: '192.168.210.87', os.name: 'Windows 10', os.arch: 'amd64', os.version: '10.0', java.version: '1.8.0_144'
Driver info: org.openqa.selenium.remote.RemoteWebDriver
Capabilities [{applicationCacheEnabled=false, rotatable=false, mobileEmulationEnabled=false, networkConnectionEnabled=false, chrome={chromedriverVersion=2.30.477700 (0057494ad8732195794a7b32078424f92a5fce41), userDataDir=C:\Users\kvtruyen\AppData\Local\Temp\scoped_dir368_20363}, takesHeapSnapshot=true, pageLoadStrategy=normal, databaseEnabled=false, handlesAlerts=true, hasTouchScreen=false, version=60.0.3112.113, platform=XP, browserConnectionEnabled=false, nativeEvents=true, acceptSslCerts=true, locationContextEnabled=true, webStorageEnabled=true, browserName=chrome, takesScreenshot=true, javascriptEnabled=true, cssSelectorsEnabled=true, unexpectedAlertBehaviour=}]
Session ID: bc6f493b9a9105f3d74fd9d806a32f4f
Build info: version: '3.4.0', revision: 'unknown', time: 'unknown'
System info: host: 'KVTRUYEN', ip: '192.168.210.87', os.name: 'Windows 10', os.arch: 'amd64', os.version: '10.0', java.version: '1.8.0_144'
Driver info: driver.version: unknown</error><system-err>unknown error: Element &lt;a id="basic-nav-dropdown" role="button" class="dropdown-toggle" aria-haspopup="true" aria-expanded="false" href="#"&gt;...&lt;/a&gt; is not clickable at point (958, 41). Other element would receive the click: &lt;div class="text-center gj-loading-view loading-view-animate-200"&gt;...&lt;/div&gt;
  (Session info: chrome=60.0.3112.113)
  (Driver info: chromedriver=2.30.477700 (0057494ad8732195794a7b32078424f92a5fce41),platform=Windows NT 10.0.14393 x86_64) (WARNING: The server did not provide any stacktrace information)
Command duration or timeout: 129 milliseconds
Build info: version: '3.4.0', revision: 'unknown', time: 'unknown'
System info: host: 'KVTRUYEN', ip: '192.168.210.87', os.name: 'Windows 10', os.arch: 'amd64', os.version: '10.0', java.version: '1.8.0_144'
Driver info: org.openqa.selenium.remote.RemoteWebDriver
Capabilities [{applicationCacheEnabled=false, rotatable=false, mobileEmulationEnabled=false, networkConnectionEnabled=false, chrome={chromedriverVersion=2.30.477700 (0057494ad8732195794a7b32078424f92a5fce41), userDataDir=C:\Users\kvtruyen\AppData\Local\Temp\scoped_dir368_20363}, takesHeapSnapshot=true, pageLoadStrategy=normal, databaseEnabled=false, handlesAlerts=true, hasTouchScreen=false, version=60.0.3112.113, platform=XP, browserConnectionEnabled=false, nativeEvents=true, acceptSslCerts=true, locationContextEnabled=true, webStorageEnabled=true, browserName=chrome, takesScreenshot=true, javascriptEnabled=true, cssSelectorsEnabled=true, unexpectedAlertBehaviour=}]
Session ID: bc6f493b9a9105f3d74fd9d806a32f4f
Build info: version: '3.4.0', revision: 'unknown', time: 'unknown'
System info: host: 'KVTRUYEN', ip: '192.168.210.87', os.name: 'Windows 10', os.arch: 'amd64', os.version: '10.0', java.version: '1.8.0_144'
Driver info: driver.version: unknown&#13;
goodJob.pages.homePage.click_On_User(homePage.java:27)&#13;
goodJob.steps.homeStep.Show_User_Profile_Menu(homeStep.java:11)&#13;
goodJob.DefinitionTestSuite.show_User_Menu(DefinitionTestSuite.java:81)&#13;
</system-err></testcase></testsuite>